This is LuaHBTeX, Version 1.17.1 (MiKTeX 24.1) (format=lualatex 2025.5.16)  15 JUN 2025 07:51
 restricted system commands enabled.
**setup.tex
(./setup.tex
LaTeX2e <2023-11-01> patch level 1
L3 programming layer <2024-01-04>
Lua module: luaotfload 2023-08-31 3.26 Lua based OpenType font support
Lua module: lualibs 2023-07-13 2.76 ConTeXt Lua standard libraries.
Lua module: lualibs-extended 2023-07-13 2.76 ConTeXt Lua libraries -- extended c
ollection.
luaotfload | conf : Root cache directory is "C:/Users/Kevin_Duong/AppData/Local/
MiKTeX/luatex-cache/generic/names".
luaotfload | init : Loading fontloader "fontloader-2023-08-19.lua" from kpse-res
olved path "C:/Users/Kevin_Duong/AppData/Local/Programs/MiKTeX/tex/luatex/luaotf
load/fontloader-2023-08-19.lua".
Lua-only attribute luaotfload@noligature = 1
luaotfload | init : Context OpenType loader version 3.133
Inserting `luaotfload.node_processor' in `pre_linebreak_filter'.
Inserting `luaotfload.node_processor' in `hpack_filter'.
Inserting `luaotfload.glyph_stream' in `glyph_stream_provider'.
Inserting `luaotfload.define_font' in `define_font'.
Lua-only attribute luaotfload_color_attribute = 2
luaotfload | conf : Root cache directory is "C:/Users/Kevin_Duong/AppData/Local/
MiKTeX/luatex-cache/generic/names".
Inserting `luaotfload.harf.strip_prefix' in `find_opentype_file'.
Inserting `luaotfload.harf.strip_prefix' in `find_truetype_file'.
Removing  `luaotfload.glyph_stream' from `glyph_stream_provider'.
Inserting `luaotfload.harf.glyphstream' in `glyph_stream_provider'.
Inserting `luaotfload.harf.finalize_vlist' in `post_linebreak_filter'.
Inserting `luaotfload.harf.finalize_hlist' in `hpack_filter'.
Inserting `luaotfload.cleanup_files' in `wrapup_run'.
Inserting `luaotfload.harf.finalize_unicode' in `finish_pdffile'.
Inserting `luaotfload.glyphinfo' in `glyph_info'.
Lua-only attribute luaotfload.letterspace_done = 3
Inserting `luaotfload.aux.set_sscale_dimens' in `luaotfload.patch_font'.
Inserting `luaotfload.aux.set_font_index' in `luaotfload.patch_font'.
Inserting `luaotfload.aux.patch_cambria_domh' in `luaotfload.patch_font'.
Inserting `luaotfload.aux.fixup_fontdata' in `luaotfload.patch_font_unsafe'.
Inserting `luaotfload.aux.set_capheight' in `luaotfload.patch_font'.
Inserting `luaotfload.aux.set_xheight' in `luaotfload.patch_font'.
Inserting `luaotfload.rewrite_fontname' in `luaotfload.patch_font'.
Inserting `tracingstacklevels' in `input_level_string'. (C:/Users/Kevin_Duong/A
ppData/Local/Programs/MiKTeX/tex/latex/base/article.cls
Document Class: article 2023/05/17 v1.4n Standard LaTeX document class
(C:/Users/Kevin_Duong/AppData/Local/Programs/MiKTeX/tex/latex/base/size11.clo
File: size11.clo 2023/05/17 v1.4n Standard LaTeX file (size option)
luaotfload | db : Font names database loaded from C:/Users/Kevin_Duong/AppData/L
ocal/MiKTeX/luatex-cache/generic/names/luaotfload-names.luc.gz)
\c@part=\count185
\c@section=\count186
\c@subsection=\count187
\c@subsubsection=\count188
\c@paragraph=\count189
\c@subparagraph=\count190
\c@figure=\count191
\c@table=\count192
\abovecaptionskip=\skip48
\belowcaptionskip=\skip49
\bibindent=\dimen139
)
(C:/Users/Kevin_Duong/AppData/Local/Programs/MiKTeX/tex/latex/fontspec/fontspec
.sty
(C:/Users/Kevin_Duong/AppData/Local/Programs/MiKTeX/tex/latex/l3packages/xparse
/xparse.sty
(C:/Users/Kevin_Duong/AppData/Local/Programs/MiKTeX/tex/latex/l3kernel/expl3.st
y
Package: expl3 2024-01-04 L3 programming layer (loader) 

(C:/Users/Kevin_Duong/AppData/Local/Programs/MiKTeX/tex/latex/l3backend/l3backe
nd-luatex.def
File: l3backend-luatex.def 2024-01-04 L3 backend support: PDF output (LuaTeX)
\l__color_backend_stack_int=\count193
Inserting `l3color' in `luaotfload.parse_color'.
\l__pdf_internal_box=\box51
))
Package: xparse 2023-10-10 L3 Experimental document command parser
)
Package: fontspec 2022/01/15 v2.8a Font selection for XeLaTeX and LuaLaTeX
Lua module: fontspec 2022/01/15 2.8a Font selection for XeLaTeX and LuaLaTeX
(C:/Users/Kevin_Duong/AppData/Local/Programs/MiKTeX/tex/latex/fontspec/fontspec
-luatex.sty
Package: fontspec-luatex 2022/01/15 v2.8a Font selection for XeLaTeX and LuaLaT
eX
\l__fontspec_script_int=\count194
\l__fontspec_language_int=\count195
\l__fontspec_strnum_int=\count196
\l__fontspec_tmp_int=\count197
\l__fontspec_tmpa_int=\count198
\l__fontspec_tmpb_int=\count199
\l__fontspec_tmpc_int=\count266
\l__fontspec_em_int=\count267
\l__fontspec_emdef_int=\count268
\l__fontspec_strong_int=\count269
\l__fontspec_strongdef_int=\count270
\l__fontspec_tmpa_dim=\dimen140
\l__fontspec_tmpb_dim=\dimen141
\l__fontspec_tmpc_dim=\dimen142

(C:/Users/Kevin_Duong/AppData/Local/Programs/MiKTeX/tex/latex/base/fontenc.sty
Package: fontenc 2021/04/29 v2.0v Standard LaTeX package
)
(C:/Users/Kevin_Duong/AppData/Local/Programs/MiKTeX/tex/latex/fontspec/fontspec
.cfg)))
luaotfload | cache : Lookup cache loaded from C:/Users/Kevin_Duong/AppData/Local
/MiKTeX/luatex-cache/generic/names/luaotfload-lookup-cache.luc.

Package fontspec Info: Font family 'TimesNewRoman(0)' created for font 'Times
(fontspec)             New Roman' with options [Ligatures=TeX].
(fontspec)              
(fontspec)              This font family consists of the following NFSS
(fontspec)             series/shapes:
(fontspec)              
(fontspec)             - 'normal' (m/n) with NFSS spec.:
(fontspec)             <->"TimesNewRoman:mode=node;script=latn;language=dflt;+t
lig;"
(fontspec)             - 'small caps'  (m/sc) with NFSS spec.:
(fontspec)             <->"TimesNewRoman:mode=node;script=latn;language=dflt;+t
lig;+smcp;"
(fontspec)             - 'bold' (b/n) with NFSS spec.:
(fontspec)             <->"TimesNewRoman/B:mode=node;script=latn;language=dflt;
+tlig;"
(fontspec)             - 'bold small caps'  (b/sc) with NFSS spec.:
(fontspec)             <->"TimesNewRoman/B:mode=node;script=latn;language=dflt;
+tlig;+smcp;"
(fontspec)             - 'italic' (m/it) with NFSS spec.:
(fontspec)             <->"TimesNewRoman/I:mode=node;script=latn;language=dflt;
+tlig;"
(fontspec)             - 'italic small caps'  (m/scit) with NFSS spec.:
(fontspec)             <->"TimesNewRoman/I:mode=node;script=latn;language=dflt;
+tlig;+smcp;"
(fontspec)             - 'bold italic' (b/it) with NFSS spec.:
(fontspec)             <->"TimesNewRoman/BI:mode=node;script=latn;language=dflt
;+tlig;"
(fontspec)             - 'bold italic small caps'  (b/scit) with NFSS spec.:
(fontspec)             <->"TimesNewRoman/BI:mode=node;script=latn;language=dflt
;+tlig;+smcp;"


(C:/Users/Kevin_Duong/AppData/Local/Programs/MiKTeX/tex/latex/pdflscape/pdflsca
pe.sty
Package: pdflscape 2022-10-27 v0.13 Display of landscape pages in PDF

(C:/Users/Kevin_Duong/AppData/Local/Programs/MiKTeX/tex/latex/pdflscape/pdflsca
pe-nometadata.sty
Package: pdflscape-nometadata 2022-10-28 v0.13 Display of landscape pages in PD
F (HO)

(C:/Users/Kevin_Duong/AppData/Local/Programs/MiKTeX/tex/generic/iftex/iftex.sty
Package: iftex 2022/02/03 v1.0f TeX engine tests
)
(C:/Users/Kevin_Duong/AppData/Local/Programs/MiKTeX/tex/latex/graphics/lscape.s
ty
Package: lscape 2020/05/28 v3.02 Landscape Pages (DPC)

(C:/Users/Kevin_Duong/AppData/Local/Programs/MiKTeX/tex/latex/graphics/graphics
.sty
Package: graphics 2022/03/10 v1.4e Standard LaTeX Graphics (DPC,SPQR)

(C:/Users/Kevin_Duong/AppData/Local/Programs/MiKTeX/tex/latex/graphics/trig.sty
Package: trig 2021/08/11 v1.11 sin cos tan (DPC)
)
(C:/Users/Kevin_Duong/AppData/Local/Programs/MiKTeX/tex/latex/graphics-cfg/grap
hics.cfg
File: graphics.cfg 2016/06/04 v1.11 sample graphics configuration
)
Package graphics Info: Driver file: luatex.def on input line 107.

(C:/Users/Kevin_Duong/AppData/Local/Programs/MiKTeX/tex/latex/graphics-def/luat
ex.def
File: luatex.def 2022/09/22 v1.2d Graphics/color driver for luatex
)))
Package pdflscape Info: Auto-detected driver: pdftex on input line 81.
))
(C:/Users/Kevin_Duong/AppData/Local/Programs/MiKTeX/tex/latex/graphics/rotating
.sty
Package: rotating 2016/08/11 v2.16d rotated objects in LaTeX

(C:/Users/Kevin_Duong/AppData/Local/Programs/MiKTeX/tex/latex/graphics/graphicx
.sty
Package: graphicx 2021/09/16 v1.2d Enhanced LaTeX Graphics (DPC,SPQR)

(C:/Users/Kevin_Duong/AppData/Local/Programs/MiKTeX/tex/latex/graphics/keyval.s
ty
Package: keyval 2022/05/29 v1.15 key=value parser (DPC)
\KV@toks@=\toks17
)
\Gin@req@height=\dimen143
\Gin@req@width=\dimen144
)
(C:/Users/Kevin_Duong/AppData/Local/Programs/MiKTeX/tex/latex/base/ifthen.sty
Package: ifthen 2022/04/13 v1.1d Standard LaTeX ifthen package (DPC)
)
\c@r@tfl@t=\count271
\rotFPtop=\skip50
\rotFPbot=\skip51
\rot@float@box=\box52
\rot@mess@toks=\toks18
)
(C:/Users/Kevin_Duong/AppData/Local/Programs/MiKTeX/tex/latex/appendix/appendix
.sty
Package: appendix 2020/02/08 v1.2c extra appendix facilities
\c@@pps=\count272
\c@@ppsavesec=\count273
\c@@ppsaveapp=\count274
)
(C:/Users/Kevin_Duong/AppData/Local/Programs/MiKTeX/tex/latex/geometry/geometry
.sty
Package: geometry 2020/01/02 v5.9 Page Geometry

(C:/Users/Kevin_Duong/AppData/Local/Programs/MiKTeX/tex/generic/iftex/ifvtex.st
y
Package: ifvtex 2019/10/25 v1.7 ifvtex legacy package. Use iftex instead.
)
\Gm@cnth=\count275
\Gm@cntv=\count276
\c@Gm@tempcnt=\count277
\Gm@bindingoffset=\dimen145
\Gm@wd@mp=\dimen146
\Gm@odd@mp=\dimen147
\Gm@even@mp=\dimen148
\Gm@layoutwidth=\dimen149
\Gm@layoutheight=\dimen150
\Gm@layouthoffset=\dimen151
\Gm@layoutvoffset=\dimen152
\Gm@dimlist=\toks19

(C:/Users/Kevin_Duong/AppData/Local/Programs/MiKTeX/tex/latex/geometry/geometry
.cfg))
(C:/Users/Kevin_Duong/AppData/Local/Programs/MiKTeX/tex/latex/preprint/authblk.
sty
Package: authblk 2001/02/27 1.3 (PWD)
\affilsep=\skip52
\@affilsep=\skip53
\c@Maxaffil=\count278
\c@authors=\count279
\c@affil=\count280
)
(C:/Users/Kevin_Duong/AppData/Local/Programs/MiKTeX/tex/latex/float/float.sty
Package: float 2001/11/08 v1.3d Float enhancements (AL)
\c@float@type=\count281
\float@exts=\toks20
\float@box=\box53
\@float@everytoks=\toks21
\@floatcapt=\box54
)
(C:/Users/Kevin_Duong/AppData/Local/Programs/MiKTeX/tex/latex/biblatex/biblatex
.sty
Package: biblatex 2023/03/05 v3.19 programmable bibliographies (PK/MW)

(C:/Users/Kevin_Duong/AppData/Local/Programs/MiKTeX/tex/generic/pdftexcmds/pdft
excmds.sty
Package: pdftexcmds 2020-06-27 v0.33 Utility functions of pdfTeX for LuaTeX (HO
)

(C:/Users/Kevin_Duong/AppData/Local/Programs/MiKTeX/tex/generic/infwarerr/infwa
rerr.sty
Package: infwarerr 2019/12/03 v1.5 Providing info/warning/error messages (HO)
)
(C:/Users/Kevin_Duong/AppData/Local/Programs/MiKTeX/tex/generic/ltxcmds/ltxcmds
.sty
Package: ltxcmds 2023-12-04 v1.26 LaTeX kernel commands for general use (HO)
)
Package pdftexcmds Info: \pdf@primitive is available.
Package pdftexcmds Info: \pdf@ifprimitive is available.
Package pdftexcmds Info: \pdfdraftmode found.
\pdftexcmds@toks=\toks22
)
(C:/Users/Kevin_Duong/AppData/Local/Programs/MiKTeX/tex/latex/etoolbox/etoolbox
.sty
Package: etoolbox 2020/10/05 v2.5k e-TeX tools for LaTeX (JAW)
\etb@tempcnta=\count282
)
(C:/Users/Kevin_Duong/AppData/Local/Programs/MiKTeX/tex/latex/kvoptions/kvoptio
ns.sty
Package: kvoptions 2022-06-15 v3.15 Key value format for package options (HO)

(C:/Users/Kevin_Duong/AppData/Local/Programs/MiKTeX/tex/latex/kvsetkeys/kvsetke
ys.sty
Package: kvsetkeys 2022-10-05 v1.19 Key value parser (HO)
))
(C:/Users/Kevin_Duong/AppData/Local/Programs/MiKTeX/tex/latex/logreq/logreq.sty
Package: logreq 2010/08/04 v1.0 xml request logger
\lrq@indent=\count283

(C:/Users/Kevin_Duong/AppData/Local/Programs/MiKTeX/tex/latex/logreq/logreq.def
File: logreq.def 2010/08/04 v1.0 logreq spec v1.0
)) (C:/Users/Kevin_Duong/AppData/Local/Programs/MiKTeX/tex/latex/url/url.sty
\Urlmuskip=\muskip16
Package: url 2013/09/16  ver 3.4  Verb mode for urls, etc.
)
\c@tabx@nest=\count284
\c@listtotal=\count285
\c@listcount=\count286
\c@liststart=\count287
\c@liststop=\count288
\c@citecount=\count289
\c@citetotal=\count290
\c@multicitecount=\count291
\c@multicitetotal=\count292
\c@instcount=\count293
\c@maxnames=\count294
\c@minnames=\count295
\c@maxitems=\count296
\c@minitems=\count297
\c@citecounter=\count298
\c@maxcitecounter=\count299
\c@savedcitecounter=\count300
\c@uniquelist=\count301
\c@uniquename=\count302
\c@refsection=\count303
\c@refsegment=\count304
\c@maxextratitle=\count305
\c@maxextratitleyear=\count306
\c@maxextraname=\count307
\c@maxextradate=\count308
\c@maxextraalpha=\count309
\c@abbrvpenalty=\count310
\c@highnamepenalty=\count311
\c@lownamepenalty=\count312
\c@maxparens=\count313
\c@parenlevel=\count314
\blx@tempcnta=\count315
\blx@tempcntb=\count316
\blx@tempcntc=\count317
\c@blx@maxsection=\count318
\blx@maxsegment@0=\count319
\blx@notetype=\count320
\blx@parenlevel@text=\count321
\blx@parenlevel@foot=\count322
\blx@sectionciteorder@0=\count323
\blx@sectionciteorderinternal@0=\count324
\blx@entrysetcounter=\count325
\blx@biblioinstance=\count326
\labelnumberwidth=\skip54
\labelalphawidth=\skip55
\biblabelsep=\skip56
\bibitemsep=\skip57
\bibnamesep=\skip58
\bibinitsep=\skip59
\bibparsep=\skip60
\bibhang=\skip61
\blx@bcfin=\read2
\blx@bcfout=\write3
\blx@langwohyphens=\language2
\c@mincomprange=\count327
\c@maxcomprange=\count328
\c@mincompwidth=\count329
Package biblatex Info: Trying to load biblatex default data model...
Package biblatex Info: ... file 'blx-dm.def' found.

(C:/Users/Kevin_Duong/AppData/Local/Programs/MiKTeX/tex/latex/biblatex/blx-dm.d
ef
File: blx-dm.def 2023/03/05 v3.19 biblatex localization (PK/MW)
)
Package biblatex Info: Trying to load biblatex style data model...
Package biblatex Info: ... file 'apa.dbx' found.

(C:/Users/Kevin_Duong/AppData/Local/Programs/MiKTeX/tex/latex/biblatex-apa/apa.
dbx
File: apa.dbx 2023/03/20 v9.17 APA biblatex style data model
)
Package biblatex Info: Trying to load biblatex custom data model...
Package biblatex Info: ... file 'biblatex-dm.cfg' not found.
\c@afterword=\count330
\c@savedafterword=\count331
\c@annotator=\count332
\c@savedannotator=\count333
\c@author=\count334
\c@savedauthor=\count335
\c@bookauthor=\count336
\c@savedbookauthor=\count337
\c@commentator=\count338
\c@savedcommentator=\count339
\c@editor=\count340
\c@savededitor=\count341
\c@editora=\count342
\c@savededitora=\count343
\c@editorb=\count344
\c@savededitorb=\count345
\c@editorc=\count346
\c@savededitorc=\count347
\c@foreword=\count348
\c@savedforeword=\count349
\c@holder=\count350
\c@savedholder=\count351
\c@introduction=\count352
\c@savedintroduction=\count353
\c@namea=\count354
\c@savednamea=\count355
\c@nameb=\count356
\c@savednameb=\count357
\c@namec=\count358
\c@savednamec=\count359
\c@translator=\count360
\c@savedtranslator=\count361
\c@shortauthor=\count362
\c@savedshortauthor=\count363
\c@shorteditor=\count364
\c@savedshorteditor=\count365
\c@narrator=\count366
\c@savednarrator=\count367
\c@execproducer=\count368
\c@savedexecproducer=\count369
\c@execdirector=\count370
\c@savedexecdirector=\count371
\c@with=\count372
\c@savedwith=\count373
\c@labelname=\count374
\c@savedlabelname=\count375
\c@institution=\count376
\c@savedinstitution=\count377
\c@lista=\count378
\c@savedlista=\count379
\c@listb=\count380
\c@savedlistb=\count381
\c@listc=\count382
\c@savedlistc=\count383
\c@listd=\count384
\c@savedlistd=\count385
\c@liste=\count386
\c@savedliste=\count387
\c@listf=\count388
\c@savedlistf=\count389
\c@location=\count390
\c@savedlocation=\count391
\c@organization=\count392
\c@savedorganization=\count393
\c@origlocation=\count394
\c@savedoriglocation=\count395
\c@origpublisher=\count396
\c@savedorigpublisher=\count397
\c@publisher=\count398
\c@savedpublisher=\count399
\c@language=\count400
\c@savedlanguage=\count401
\c@origlanguage=\count402
\c@savedoriglanguage=\count403
\c@citation=\count404
\c@savedcitation=\count405
\c@pageref=\count406
\c@savedpageref=\count407
\shorthandwidth=\skip62
\shortjournalwidth=\skip63
\shortserieswidth=\skip64
\shorttitlewidth=\skip65
\shortauthorwidth=\skip66
\shorteditorwidth=\skip67
\locallabelnumberwidth=\skip68
\locallabelalphawidth=\skip69
\localshorthandwidth=\skip70
\localshortjournalwidth=\skip71
\localshortserieswidth=\skip72
\localshorttitlewidth=\skip73
\localshortauthorwidth=\skip74
\localshorteditorwidth=\skip75
Package biblatex Info: Trying to load enhanced support for Unicode engines...
Package biblatex Info: ... file 'blx-unicode.def' found.

(C:/Users/Kevin_Duong/AppData/Local/Programs/MiKTeX/tex/latex/biblatex/blx-unic
ode.def)
Package biblatex Info: Trying to load compatibility code...
Package biblatex Info: ... file 'blx-compat.def' found.

(C:/Users/Kevin_Duong/AppData/Local/Programs/MiKTeX/tex/latex/biblatex/blx-comp
at.def
File: blx-compat.def 2023/03/05 v3.19 biblatex compatibility (PK/MW)
)
Package biblatex Info: Trying to load generic definitions...
Package biblatex Info: ... file 'biblatex.def' found.

(C:/Users/Kevin_Duong/AppData/Local/Programs/MiKTeX/tex/latex/biblatex/biblatex
.def
File: biblatex.def 2023/03/05 v3.19 biblatex compatibility (PK/MW)
\c@textcitecount=\count408
\c@textcitetotal=\count409
\c@textcitemaxnames=\count410
\c@biburlbigbreakpenalty=\count411
\c@biburlbreakpenalty=\count412
\c@biburlnumpenalty=\count413
\c@biburlucpenalty=\count414
\c@biburllcpenalty=\count415
\biburlbigskip=\muskip17
\biburlnumskip=\muskip18
\biburlucskip=\muskip19
\biburllcskip=\muskip20
\c@smartand=\count416
)
Package biblatex Info: Trying to load natbib compatibility...
Package biblatex Info: ... file 'blx-natbib.def' found.

(C:/Users/Kevin_Duong/AppData/Local/Programs/MiKTeX/tex/latex/biblatex/blx-natb
ib.def
File: blx-natbib.def 2023/03/05 v3.19 biblatex compatibility (PK/MW)
Package biblatex Info: Delimiter 'nameyeardelim' in context '' already defined,
 overwriting.
)
Package biblatex Info: Trying to load bibliography style 'apa'...
Package biblatex Info: ... file 'apa.bbx' found.

(C:/Users/Kevin_Duong/AppData/Local/Programs/MiKTeX/tex/latex/biblatex-apa/apa.
bbx
File: apa.bbx 2023/03/20 v9.17 APA biblatex references style
Package biblatex Info: Trying to load bibliography style 'standard'...
Package biblatex Info: ... file 'standard.bbx' found.

(C:/Users/Kevin_Duong/AppData/Local/Programs/MiKTeX/tex/latex/biblatex/bbx/stan
dard.bbx
File: standard.bbx 2023/03/05 v3.19 biblatex bibliography style (PK/MW)
\c@bbx:relatedcount=\count417
\c@bbx:relatedtotal=\count418
)
Package biblatex Info: Delimiter 'nameyeardelim' in context 'bib' already defin
ed, overwriting.
Package biblatex Info: Delimiter 'nameyeardelim' in context 'biblist' already d
efined, overwriting.
Package biblatex Info: Delimiter 'nonameyeardelim' in context 'bib' already def
ined, overwriting.
Package biblatex Info: Delimiter 'nonameyeardelim' in context 'biblist' already
 defined, overwriting.
)
Package biblatex Info: Trying to load citation style 'apa'...
Package biblatex Info: ... file 'apa.cbx' found.

(C:/Users/Kevin_Duong/AppData/Local/Programs/MiKTeX/tex/latex/biblatex-apa/apa.
cbx
File: apa.cbx 2023/03/20 v9.17 APA biblatex citation style
Package biblatex Info: Delimiter 'nameyeardelim' in context '' already defined,
 overwriting.
Package biblatex Info: Delimiter 'andothersdelim' in context '' already defined
, overwriting.
Package biblatex Info: Redefining '\fullcite'.
Package biblatex Info: Redefining '\citeauthor'.
Package biblatex Info: Redefining '\citeyear'.
Package biblatex Info: Redefining '\cite'.
Package biblatex Info: Redefining '\cites'.
Package biblatex Info: Redefining '\parencite'.
Package biblatex Info: Redefining '\parencites'.
Package biblatex Info: Redefining '\footcite'.
Package biblatex Info: Redefining '\footcites'.
Package biblatex Info: Redefining '\footcitetext'.
Package biblatex Info: Redefining '\footcitetexts'.
Package biblatex Info: Redefining '\smartcite'.
Package biblatex Info: Redefining '\smartcites'.
Package biblatex Info: Redefining '\textcite'.
Package biblatex Info: Redefining '\textcites'.
Lua function BLTXAPAifInParensTF = 25)
Package biblatex Info: Trying to load configuration file...
Package biblatex Info: ... file 'biblatex.cfg' found.

(C:/Users/Kevin_Duong/AppData/Local/Programs/MiKTeX/tex/latex/biblatex/biblatex
.cfg
File: biblatex.cfg 
)
Package biblatex Info: LuaTeX detected.
(biblatex)             Assuming input encoding 'utf8'.
Package biblatex Info: Document encoding is UTF8 ....
Package biblatex Info: ... and expl3
(biblatex)             2024-01-04 L3 programming layer (loader) 
(biblatex)             is new enough (at least 2020/04/06),
(biblatex)             setting 'casechanger=expl3'.

(C:/Users/Kevin_Duong/AppData/Local/Programs/MiKTeX/tex/latex/biblatex/blx-case
-expl3.sty
Package: blx-case-expl3 2023/03/05 v3.19 expl3 case changing code for biblatex
))
(C:/Users/Kevin_Duong/AppData/Local/Programs/MiKTeX/tex/latex/hyperref/hyperref
.sty
Package: hyperref 2023-11-26 v7.01g Hypertext links for LaTeX

(C:/Users/Kevin_Duong/AppData/Local/Programs/MiKTeX/tex/generic/kvdefinekeys/kv
definekeys.sty
Package: kvdefinekeys 2019-12-19 v1.6 Define keys (HO)
)
(C:/Users/Kevin_Duong/AppData/Local/Programs/MiKTeX/tex/generic/pdfescape/pdfes
cape.sty
Package: pdfescape 2019/12/09 v1.15 Implements pdfTeX's escape features (HO)
)
(C:/Users/Kevin_Duong/AppData/Local/Programs/MiKTeX/tex/latex/hycolor/hycolor.s
ty
Package: hycolor 2020-01-27 v1.10 Color options for hyperref/bookmark (HO)
)
(C:/Users/Kevin_Duong/AppData/Local/Programs/MiKTeX/tex/latex/letltxmacro/letlt
xmacro.sty
Package: letltxmacro 2019/12/03 v1.6 Let assignment for LaTeX macros (HO)
)
(C:/Users/Kevin_Duong/AppData/Local/Programs/MiKTeX/tex/latex/auxhook/auxhook.s
ty
Package: auxhook 2019-12-17 v1.6 Hooks for auxiliary files (HO)
)
(C:/Users/Kevin_Duong/AppData/Local/Programs/MiKTeX/tex/latex/hyperref/nameref.
sty
Package: nameref 2023-11-26 v2.56 Cross-referencing by name of section

(C:/Users/Kevin_Duong/AppData/Local/Programs/MiKTeX/tex/latex/refcount/refcount
.sty
Package: refcount 2019/12/15 v3.6 Data extraction from label references (HO)
)
(C:/Users/Kevin_Duong/AppData/Local/Programs/MiKTeX/tex/generic/gettitlestring/
gettitlestring.sty
Package: gettitlestring 2019/12/15 v1.6 Cleanup title references (HO)
)
\c@section@level=\count419
)
\@linkdim=\dimen153
\Hy@linkcounter=\count420
\Hy@pagecounter=\count421

(C:/Users/Kevin_Duong/AppData/Local/Programs/MiKTeX/tex/latex/hyperref/pd1enc.d
ef
File: pd1enc.def 2023-11-26 v7.01g Hyperref: PDFDocEncoding definition (HO)
)
(C:/Users/Kevin_Duong/AppData/Local/Programs/MiKTeX/tex/generic/intcalc/intcalc
.sty
Package: intcalc 2019/12/15 v1.3 Expandable calculations with integers (HO)
)
\Hy@SavedSpaceFactor=\count422

(C:/Users/Kevin_Duong/AppData/Local/Programs/MiKTeX/tex/latex/hyperref/puenc.de
f
File: puenc.def 2023-11-26 v7.01g Hyperref: PDF Unicode definition (HO)
)
Package hyperref Info: Option `colorlinks' set `true' on input line 4064.
Package hyperref Info: Hyper figures OFF on input line 4181.
Package hyperref Info: Link nesting OFF on input line 4186.
Package hyperref Info: Hyper index ON on input line 4189.
Package hyperref Info: Plain pages OFF on input line 4196.
Package hyperref Info: Backreferencing OFF on input line 4201.
Package hyperref Info: Implicit mode ON; LaTeX internals redefined.
Package hyperref Info: Bookmarks ON on input line 4448.
\c@Hy@tempcnt=\count423
LaTeX Info: Redefining \url on input line 4786.
\XeTeXLinkMargin=\dimen154

(C:/Users/Kevin_Duong/AppData/Local/Programs/MiKTeX/tex/generic/bitset/bitset.s
ty
Package: bitset 2019/12/09 v1.3 Handle bit-vector datatype (HO)

(C:/Users/Kevin_Duong/AppData/Local/Programs/MiKTeX/tex/generic/bigintcalc/bigi
ntcalc.sty
Package: bigintcalc 2019/12/15 v1.5 Expandable calculations on big integers (HO
)
))
\Fld@menulength=\count424
\Field@Width=\dimen155
\Fld@charsize=\dimen156
Package hyperref Info: Hyper figures OFF on input line 6065.
Package hyperref Info: Link nesting OFF on input line 6070.
Package hyperref Info: Hyper index ON on input line 6073.
Package hyperref Info: backreferencing OFF on input line 6080.
Package hyperref Info: Link coloring ON on input line 6083.
Package hyperref Info: Link coloring with OCG OFF on input line 6090.
Package hyperref Info: PDF/A mode OFF on input line 6095.

(C:/Users/Kevin_Duong/AppData/Local/Programs/MiKTeX/tex/latex/base/atbegshi-ltx
.sty
Package: atbegshi-ltx 2021/01/10 v1.0c Emulation of the original atbegshi
package with kernel methods
)
\Hy@abspage=\count425
\c@Item=\count426
\c@Hfootnote=\count427
)
Package hyperref Info: Driver (autodetected): hluatex.

(C:/Users/Kevin_Duong/AppData/Local/Programs/MiKTeX/tex/latex/hyperref/hluatex.
def
File: hluatex.def 2023-11-26 v7.01g Hyperref driver for luaTeX

(C:/Users/Kevin_Duong/AppData/Local/Programs/MiKTeX/tex/generic/stringenc/strin
genc.sty
Package: stringenc 2019/11/29 v1.12 Convert strings between diff. encodings (HO
)
)
(C:/Users/Kevin_Duong/AppData/Local/Programs/MiKTeX/tex/latex/base/atveryend-lt
x.sty
Package: atveryend-ltx 2020/08/19 v1.0a Emulation of the original atveryend pac
kage
with kernel methods
)
\Fld@listcount=\count428
\c@bookmark@seq@number=\count429

(C:/Users/Kevin_Duong/AppData/Local/Programs/MiKTeX/tex/latex/rerunfilecheck/re
runfilecheck.sty
Package: rerunfilecheck 2022-07-10 v1.10 Rerun checks for auxiliary files (HO)

(C:/Users/Kevin_Duong/AppData/Local/Programs/MiKTeX/tex/generic/uniquecounter/u
niquecounter.sty
Package: uniquecounter 2019/12/15 v1.4 Provide unlimited unique counter (HO)
)
Package uniquecounter Info: New unique counter `rerunfilecheck' on input line 2
85.
)
\Hy@SectionHShift=\skip76
)
(C:/Users/Kevin_Duong/AppData/Local/Programs/MiKTeX/tex/latex/amsmath/amsmath.s
ty
Package: amsmath 2023/05/13 v2.17o AMS math features
\@mathmargin=\skip77

For additional information on amsmath, use the `?' option.

(C:/Users/Kevin_Duong/AppData/Local/Programs/MiKTeX/tex/latex/amsmath/amstext.s
ty
Package: amstext 2021/08/26 v2.01 AMS text

(C:/Users/Kevin_Duong/AppData/Local/Programs/MiKTeX/tex/latex/amsmath/amsgen.st
y
File: amsgen.sty 1999/11/30 v2.0 generic functions
\@emptytoks=\toks23
\ex@=\dimen157
))
(C:/Users/Kevin_Duong/AppData/Local/Programs/MiKTeX/tex/latex/amsmath/amsbsy.st
y
Package: amsbsy 1999/11/29 v1.2d Bold Symbols
\pmbraise@=\dimen158
)
(C:/Users/Kevin_Duong/AppData/Local/Programs/MiKTeX/tex/latex/amsmath/amsopn.st
y
Package: amsopn 2022/04/08 v2.04 operator names
)
\inf@bad=\count430
LaTeX Info: Redefining \frac on input line 236.
\uproot@=\count431
\leftroot@=\count432
LaTeX Info: Redefining \overline on input line 399.
LaTeX Info: Redefining \colon on input line 410.
\classnum@=\count433
\DOTSCASE@=\count434
LaTeX Info: Redefining \ldots on input line 496.
LaTeX Info: Redefining \dots on input line 499.
LaTeX Info: Redefining \cdots on input line 620.
\Mathstrutbox@=\box55
\strutbox@=\box56
LaTeX Info: Redefining \big on input line 722.
LaTeX Info: Redefining \Big on input line 723.
LaTeX Info: Redefining \bigg on input line 724.
LaTeX Info: Redefining \Bigg on input line 725.
\big@size=\dimen159
LaTeX Font Info:    Redeclaring font encoding OML on input line 743.
LaTeX Font Info:    Redeclaring font encoding OMS on input line 744.
\macc@depth=\count435
LaTeX Info: Redefining \bmod on input line 905.
LaTeX Info: Redefining \pmod on input line 910.
LaTeX Info: Redefining \smash on input line 940.
LaTeX Info: Redefining \relbar on input line 970.
LaTeX Info: Redefining \Relbar on input line 971.
\c@MaxMatrixCols=\count436
\dotsspace@=\muskip21
\c@parentequation=\count437
\dspbrk@lvl=\count438
\tag@help=\toks24
\row@=\count439
\column@=\count440
\maxfields@=\count441
\andhelp@=\toks25
\eqnshift@=\dimen160
\alignsep@=\dimen161
\tagshift@=\dimen162
\tagwidth@=\dimen163
\totwidth@=\dimen164
\lineht@=\dimen165
\@envbody=\toks26
\multlinegap=\skip78
\multlinetaggap=\skip79
\mathdisplay@stack=\toks27
LaTeX Info: Redefining \[ on input line 2953.
LaTeX Info: Redefining \] on input line 2954.
)
(C:/Users/Kevin_Duong/AppData/Local/Programs/MiKTeX/tex/generic/mathdots/mathdo
ts.sty
Package: mathdots 2014/06/11 v0.9 Improve and add various macros for dots in ma
th.
\MDo@unit=\dimen166
\MDo@dotsbox=\box57
\MDoprekern=\muskip22
\MDopostkern=\muskip23
\MDodotkern=\muskip24
)
(C:/Users/Kevin_Duong/AppData/Local/Programs/MiKTeX/tex/latex/yhmath/yhmath.sty
Package: yhmath 2020/03/17 v1.6
\symyhlargesymbols=\mathgroup4
LaTeX Font Info:    Redeclaring math accent \widetilde on input line 29.
LaTeX Font Info:    Redeclaring math accent \widehat on input line 30.
LaTeX Font Info:    Redeclaring math symbol \braceld on input line 48.
LaTeX Font Info:    Redeclaring math symbol \bracerd on input line 49.
LaTeX Font Info:    Redeclaring math symbol \bracelu on input line 50.
LaTeX Font Info:    Redeclaring math symbol \braceru on input line 51.
LaTeX Font Info:    Redeclaring math delimiter \lmoustache on input line 53.
LaTeX Font Info:    Redeclaring math delimiter \rmoustache on input line 55.
LaTeX Font Info:    Redeclaring math delimiter \arrowvert on input line 57.
LaTeX Font Info:    Redeclaring math delimiter \Arrowvert on input line 59.
LaTeX Font Info:    Redeclaring math delimiter \Vert on input line 61.
LaTeX Font Info:    Redeclaring math delimiter \vert on input line 63.
LaTeX Font Info:    Redeclaring math delimiter \uparrow on input line 65.
LaTeX Font Info:    Redeclaring math delimiter \downarrow on input line 67.
LaTeX Font Info:    Redeclaring math delimiter \updownarrow on input line 69.
LaTeX Font Info:    Redeclaring math delimiter \Uparrow on input line 71.
LaTeX Font Info:    Redeclaring math delimiter \Downarrow on input line 73.
LaTeX Font Info:    Redeclaring math delimiter \Updownarrow on input line 75.
LaTeX Font Info:    Redeclaring math delimiter \backslash on input line 79.
LaTeX Font Info:    Redeclaring math delimiter \rangle on input line 81.
LaTeX Font Info:    Redeclaring math delimiter \langle on input line 83.
LaTeX Font Info:    Redeclaring math delimiter \rbrace on input line 85.
LaTeX Font Info:    Redeclaring math delimiter \lbrace on input line 87.
LaTeX Font Info:    Redeclaring math delimiter \rceil on input line 89.
LaTeX Font Info:    Redeclaring math delimiter \lceil on input line 91.
LaTeX Font Info:    Redeclaring math delimiter \rfloor on input line 93.
LaTeX Font Info:    Redeclaring math delimiter \lfloor on input line 95.
LaTeX Font Info:    Redeclaring math delimiter \lgroup on input line 97.
LaTeX Font Info:    Redeclaring math delimiter \rgroup on input line 99.
LaTeX Font Info:    Redeclaring math delimiter \bracevert on input line 101.
)
(C:/Users/Kevin_Duong/AppData/Local/Programs/MiKTeX/tex/latex/amsfonts/amssymb.
sty
Package: amssymb 2013/01/14 v3.01 AMS font symbols

(C:/Users/Kevin_Duong/AppData/Local/Programs/MiKTeX/tex/latex/amsfonts/amsfonts
.sty
Package: amsfonts 2013/01/14 v3.01 Basic AMSFonts support
\symAMSa=\mathgroup5
\symAMSb=\mathgroup6
LaTeX Font Info:    Redeclaring math symbol \hbar on input line 98.
LaTeX Font Info:    Overwriting math alphabet `\mathfrak' in version `bold'
(Font)                  U/euf/m/n --> U/euf/b/n on input line 106.
))
(C:/Users/Kevin_Duong/AppData/Local/Programs/MiKTeX/tex/latex/epigraph/epigraph
.sty
Package: epigraph 2020/01/02 v1.5e typesetting epigraphs

(C:/Users/Kevin_Duong/AppData/Local/Programs/MiKTeX/tex/latex/nextpage/nextpage
.sty
Package: nextpage 2009/09/03 v1.1a additional page commands
)
\beforeepigraphskip=\skip80
\afterepigraphskip=\skip81
\epigraphwidth=\skip82
\epigraphrule=\skip83
)
(C:/Users/Kevin_Duong/AppData/Local/Programs/MiKTeX/tex/latex/booktabs/booktabs
.sty
Package: booktabs 2020/01/12 v1.61803398 Publication quality tables
\heavyrulewidth=\dimen167
\lightrulewidth=\dimen168
\cmidrulewidth=\dimen169
\belowrulesep=\dimen170
\belowbottomsep=\dimen171
\aboverulesep=\dimen172
\abovetopsep=\dimen173
\cmidrulesep=\dimen174
\cmidrulekern=\dimen175
\defaultaddspace=\dimen176
\@cmidla=\count442
\@cmidlb=\count443
\@aboverulesep=\dimen177
\@belowrulesep=\dimen178
\@thisruleclass=\count444
\@lastruleclass=\count445
\@thisrulewidth=\dimen179
)
(C:/Users/Kevin_Duong/AppData/Local/Programs/MiKTeX/tex/latex/tools/array.sty
Package: array 2023/10/16 v2.5g Tabular extension package (FMi)
\col@sep=\dimen180
\ar@mcellbox=\box58
\extrarowheight=\dimen181
\NC@list=\toks28
\extratabsurround=\skip84
\backup@length=\skip85
\ar@cellbox=\box59
)
(C:/Users/Kevin_Duong/AppData/Local/Programs/MiKTeX/tex/latex/threeparttablex/t
hreeparttablex.sty
Package: threeparttablex 2013/07/23 v0.3 by daleif

(C:/Users/Kevin_Duong/AppData/Local/Programs/MiKTeX/tex/latex/threeparttable/th
reeparttable.sty
Package: threeparttable 2003/06/13  v 3.0
\@tempboxb=\box60
)
(C:/Users/Kevin_Duong/AppData/Local/Programs/MiKTeX/tex/latex/environ/environ.s
ty
Package: environ 2014/05/04 v0.3 A new way to define environments

(C:/Users/Kevin_Duong/AppData/Local/Programs/MiKTeX/tex/latex/trimspaces/trimsp
aces.sty
Package: trimspaces 2009/09/17 v1.1 Trim spaces around a token list
))
\TPTL@width=\skip86
)
(C:/Users/Kevin_Duong/AppData/Local/Programs/MiKTeX/tex/latex/tabularray/tabula
rray.sty
Package: tabularray 2025-03-11 v2025A Typeset tabulars and arrays with LaTeX3
\l__tblr_a_int=\count446
\l__tblr_c_int=\count447
\l__tblr_r_int=\count448
\l__tblr_d_dim=\dimen182
\l__tblr_h_dim=\dimen183
\l__tblr_o_dim=\dimen184
\l__tblr_p_dim=\dimen185
\l__tblr_q_dim=\dimen186
\l__tblr_r_dim=\dimen187
\l__tblr_s_dim=\dimen188
\l__tblr_t_dim=\dimen189
\l__tblr_v_dim=\dimen190
\l__tblr_w_dim=\dimen191
\l__tblr_a_box=\box61
\l__tblr_b_box=\box62
\l__tblr_c_box=\box63
\l__tblr_d_box=\box64
\c@tblrcount=\count449
\c@rownum=\count450
\c@colnum=\count451
\c@rowcount=\count452
\c@colcount=\count453
\abovesep=\dimen192
\belowsep=\dimen193
\leftsep=\dimen194
\rightsep=\dimen195
\gTblrLevelInt=\count454
\g__tblr_data_row_key_count_int=\count455
\g__tblr_data_column_key_count_int=\count456
\g__tblr_data_cell_key_count_int=\count457
\g__tblr_array_int=\count458
\l__tblr_key_count_int=\count459
\l__tblr_key_quotient_int=\count460
\l__tblr_key_quotient_two_int=\count461
\l__tblr_key_remainder_int=\count462
\g__tblr_data_str_value_count_int=\count463
\lTblrChildTotalInt=\count464
\lTblrChildHtotalInt=\count465
\lTblrChildVtotalInt=\count466
\l__child_diff_h_int=\count467
\l__child_diff_v_int=\count468
\l__child_sign_h_int=\count469
\l__child_sign_v_int=\count470
\l__child_step_int=\count471
\lTblrDefaultHruleWidthDim=\dimen196
\lTblrDefaultVruleWidthDim=\dimen197
\l__tblr_split_balance_int=\count472
\l__tblr_strut_dp_dim=\dimen198
\l__tblr_strut_ht_dim=\dimen199
\g__tblr_cell_wd_dim=\dimen256
\g__tblr_cell_ht_dim=\dimen257
\g__tblr_cell_head_dim=\dimen258
\g__tblr_cell_foot_dim=\dimen259
\l__tblr_measured_cell_box=\box65
\g__tblr_last_box=\box66
\l__tblr_temp_box=\box67
\l__tblr_column_target_dim=\dimen260
\l__tblr_hfuzz_dim=\dimen261
\l__tblr_caption_box=\box68
\l__tblr_caption_left_box=\box69
\lTblrRowHeadInt=\count473
\lTblrRowFootInt=\count474
\l__tblr_row_head_box=\box70
\l__tblr_row_foot_box=\box71
\l__tblr_row_head_foot_dim=\dimen262
\lTblrTableWidthDim=\dimen263
\l__tblr_table_firsthead_box=\box72
\l__tblr_table_middlehead_box=\box73
\l__tblr_table_lasthead_box=\box74
\l__tblr_table_firstfoot_box=\box75
\l__tblr_table_middlefoot_box=\box76
\l__tblr_table_lastfoot_box=\box77
\l__tblr_remain_height_dim=\dimen264
\l__tblr_long_from_int=\count475
\l__tblr_long_to_int=\count476
\l__tblr_curr_i_int=\count477
\l__tblr_prev_i_int=\count478
\lTblrTablePageInt=\count479
\l__tblr_table_head_box=\box78
\l__tblr_table_foot_box=\box79
\l__tblr_table_head_foot_dim=\dimen265
\l__tblr_table_head_body_foot_dim=\dimen266
\l__tblr_table_box=\box80
\lTblrRowFirstInt=\count480
\lTblrRowLastInt=\count481
\l__tblr_table_hlines_box=\box81
\l__tblr_hline_box=\box82
\l__tblr_row_box=\box83
\l__tblr_col_o_wd_dim=\dimen267
\l__tblr_col_b_wd_dim=\dimen268
\l__tblr_hline_leftskip_dim=\dimen269
\l__tblr_hline_rightskip_dim=\dimen270
\l__tblr_row_ht_dim=\dimen271
\l__tblr_row_dp_dim=\dimen272
\l__tblr_row_abovesep_dim=\dimen273
\l__tblr_row_belowsep_dim=\dimen274
\l__tblr_row_vlines_box=\box84
\l__tblr_vline_box=\box85
\l__tblr_cell_box=\box86
\l__tblr_row_upper_dim=\dimen275
\l__tblr_row_lower_dim=\dimen276
\l__tblr_row_vpace_dim=\dimen277
\l__tblr_vline_aboveskip_dim=\dimen278
\l__tblr_vline_belowskip_dim=\dimen279
\lTblrCellRowSpanInt=\count482
\lTblrCellColSpanInt=\count483
\l__tblr_cell_wd_dim=\dimen280
\l__tblr_cell_ht_dim=\dimen281
\lTblrCellAboveBorderWidthDim=\dimen282
\lTblrCellBelowBorderWidthDim=\dimen283
\lTblrCellLeftBorderWidthDim=\dimen284
\lTblrCellRightBorderWidthDim=\dimen285
\l__tblr_diag_box=\box87
\l__tblr_cell_inner_wd_dim=\dimen286
\l__tblr_cell_inner_dp_dim=\dimen287
\l__tblr_cell_hanchor_dim=\dimen288
\l__tblr_last_cell_table_ht_dim=\dimen289
\l__tblr_last_cell_table_dp_dim=\dimen290
\l__tblr_last_vline_wd_dim=\dimen291
\l__tblr_tikz_node_box=\box88
)
(C:/Users/Kevin_Duong/AppData/Local/Programs/MiKTeX/tex/latex/tools/dcolumn.sty
Package: dcolumn 2023/07/08 v1.06 decimal alignment package (DPC)
)
(C:/Users/Kevin_Duong/AppData/Local/Programs/MiKTeX/tex/latex/tablefootnote/tab
lefootnote.sty
Package: tablefootnote 2014/01/26 v1.1c Table foot notes (HMM)

(C:/Users/Kevin_Duong/AppData/Local/Programs/MiKTeX/tex/latex/xifthen/xifthen.s
ty
Package: xifthen 2015/11/05 v1.4.0 Extended ifthen features
 (C:/Users/Kevin_Duong/AppData/Local/Programs/MiKTeX/tex/latex/tools/calc.sty
Package: calc 2023/07/08 v4.3 Infix arithmetic (KKT,FJ)
\calc@Acount=\count484
\calc@Bcount=\count485
\calc@Adimen=\dimen292
\calc@Bdimen=\dimen293
\calc@Askip=\skip87
\calc@Bskip=\skip88
LaTeX Info: Redefining \setlength on input line 80.
LaTeX Info: Redefining \addtolength on input line 81.
\calc@Ccount=\count486
\calc@Cskip=\skip89
)
(C:/Users/Kevin_Duong/AppData/Local/Programs/MiKTeX/tex/latex/ifmtarg/ifmtarg.s
ty
Package: ifmtarg 2018/04/16 v1.2b check for an empty argument
)))
(C:/Users/Kevin_Duong/AppData/Local/Programs/MiKTeX/tex/latex/tools/longtable.s
ty
Package: longtable 2023-11-01 v4.19 Multi-page Table package (DPC)
\LTleft=\skip90
\LTright=\skip91
\LTpre=\skip92
\LTpost=\skip93
\LTchunksize=\count487
\LTcapwidth=\dimen294
\LT@head=\box89
\LT@firsthead=\box90
\LT@foot=\box91
\LT@lastfoot=\box92
\LT@gbox=\box93
\LT@cols=\count488
\LT@rows=\count489
\c@LT@tables=\count490
\c@LT@chunks=\count491
\LT@p@ftn=\toks29
)
(C:/Users/Kevin_Duong/AppData/Local/Programs/MiKTeX/tex/latex/amscls/amsthm.sty
Package: amsthm 2020/05/29 v2.20.6
\thm@style=\toks30
\thm@bodyfont=\toks31
\thm@headfont=\toks32
\thm@notefont=\toks33
\thm@headpunct=\toks34
\thm@preskip=\skip94
\thm@postskip=\skip95
\thm@headsep=\skip96
\dth@everypar=\toks35
)
\c@question=\count492
\c@assumption=\count493
\@quotelevel=\count494
\@quotereset=\count495
 (./setup.aux)
\openout1 = setup.aux

LaTeX Font Info:    Checking defaults for OML/cmm/m/it on input line 58.
LaTeX Font Info:    ... okay on input line 58.
LaTeX Font Info:    Checking defaults for OMS/cmsy/m/n on input line 58.
LaTeX Font Info:    ... okay on input line 58.
LaTeX Font Info:    Checking defaults for OT1/cmr/m/n on input line 58.
LaTeX Font Info:    ... okay on input line 58.
LaTeX Font Info:    Checking defaults for T1/cmr/m/n on input line 58.
LaTeX Font Info:    ... okay on input line 58.
LaTeX Font Info:    Checking defaults for TS1/cmr/m/n on input line 58.
LaTeX Font Info:    Trying to load font information for TS1+cmr on input line 5
8.

(C:/Users/Kevin_Duong/AppData/Local/Programs/MiKTeX/tex/latex/base/ts1cmr.fd
File: ts1cmr.fd 2023/04/13 v2.5m Standard LaTeX font definitions
)
LaTeX Font Info:    ... okay on input line 58.
LaTeX Font Info:    Checking defaults for TU/lmr/m/n on input line 58.
LaTeX Font Info:    ... okay on input line 58.
LaTeX Font Info:    Checking defaults for OMX/cmex/m/n on input line 58.
LaTeX Font Info:    ... okay on input line 58.
LaTeX Font Info:    Checking defaults for U/cmr/m/n on input line 58.
LaTeX Font Info:    ... okay on input line 58.
LaTeX Font Info:    Checking defaults for PD1/pdf/m/n on input line 58.
LaTeX Font Info:    ... okay on input line 58.
LaTeX Font Info:    Checking defaults for PU/pdf/m/n on input line 58.
LaTeX Font Info:    ... okay on input line 58.

Package fontspec Info: Adjusting the maths setup (use [no-math] to avoid
(fontspec)             this).

\symlegacymaths=\mathgroup7
LaTeX Font Info:    Overwriting symbol font `legacymaths' in version `bold'
(Font)                  OT1/cmr/m/n --> OT1/cmr/bx/n on input line 58.
LaTeX Font Info:    Redeclaring math accent \acute on input line 58.
LaTeX Font Info:    Redeclaring math accent \grave on input line 58.
LaTeX Font Info:    Redeclaring math accent \ddot on input line 58.
LaTeX Font Info:    Redeclaring math accent \tilde on input line 58.
LaTeX Font Info:    Redeclaring math accent \bar on input line 58.
LaTeX Font Info:    Redeclaring math accent \breve on input line 58.
LaTeX Font Info:    Redeclaring math accent \check on input line 58.
LaTeX Font Info:    Redeclaring math accent \hat on input line 58.
LaTeX Font Info:    Redeclaring math accent \dot on input line 58.
LaTeX Font Info:    Redeclaring math accent \mathring on input line 58.
LaTeX Font Info:    Redeclaring math symbol \Gamma on input line 58.
LaTeX Font Info:    Redeclaring math symbol \Delta on input line 58.
LaTeX Font Info:    Redeclaring math symbol \Theta on input line 58.
LaTeX Font Info:    Redeclaring math symbol \Lambda on input line 58.
LaTeX Font Info:    Redeclaring math symbol \Xi on input line 58.
LaTeX Font Info:    Redeclaring math symbol \Pi on input line 58.
LaTeX Font Info:    Redeclaring math symbol \Sigma on input line 58.
LaTeX Font Info:    Redeclaring math symbol \Upsilon on input line 58.
LaTeX Font Info:    Redeclaring math symbol \Phi on input line 58.
LaTeX Font Info:    Redeclaring math symbol \Psi on input line 58.
LaTeX Font Info:    Redeclaring math symbol \Omega on input line 58.
LaTeX Font Info:    Redeclaring math symbol \mathdollar on input line 58.
LaTeX Font Info:    Redeclaring symbol font `operators' on input line 58.
LaTeX Font Info:    Encoding `OT1' has changed to `TU' for symbol font
(Font)              `operators' in the math version `normal' on input line 58.
LaTeX Font Info:    Overwriting symbol font `operators' in version `normal'
(Font)                  OT1/cmr/m/n --> TU/TimesNewRoman(0)/m/n on input line 5
8.
LaTeX Font Info:    Encoding `OT1' has changed to `TU' for symbol font
(Font)              `operators' in the math version `bold' on input line 58.
LaTeX Font Info:    Overwriting symbol font `operators' in version `bold'
(Font)                  OT1/cmr/bx/n --> TU/TimesNewRoman(0)/m/n on input line 
58.
LaTeX Font Info:    Overwriting symbol font `operators' in version `normal'
(Font)                  TU/TimesNewRoman(0)/m/n --> TU/TimesNewRoman(0)/m/n on 
input line 58.
LaTeX Font Info:    Overwriting math alphabet `\mathit' in version `normal'
(Font)                  OT1/cmr/m/it --> TU/TimesNewRoman(0)/m/it on input line
 58.
LaTeX Font Info:    Overwriting math alphabet `\mathbf' in version `normal'
(Font)                  OT1/cmr/bx/n --> TU/TimesNewRoman(0)/b/n on input line 
58.
LaTeX Font Info:    Overwriting math alphabet `\mathsf' in version `normal'
(Font)                  OT1/cmss/m/n --> TU/lmss/m/n on input line 58.
LaTeX Font Info:    Overwriting math alphabet `\mathtt' in version `normal'
(Font)                  OT1/cmtt/m/n --> TU/lmtt/m/n on input line 58.
LaTeX Font Info:    Overwriting symbol font `operators' in version `bold'
(Font)                  TU/TimesNewRoman(0)/m/n --> TU/TimesNewRoman(0)/b/n on 
input line 58.
LaTeX Font Info:    Overwriting math alphabet `\mathit' in version `bold'
(Font)                  OT1/cmr/bx/it --> TU/TimesNewRoman(0)/b/it on input lin
e 58.
LaTeX Font Info:    Overwriting math alphabet `\mathsf' in version `bold'
(Font)                  OT1/cmss/bx/n --> TU/lmss/b/n on input line 58.
LaTeX Font Info:    Overwriting math alphabet `\mathtt' in version `bold'
(Font)                  OT1/cmtt/m/n --> TU/lmtt/b/n on input line 58.

(C:/Users/Kevin_Duong/AppData/Local/Programs/MiKTeX/tex/context/base/mkii/supp-
pdf.mkii
[Loading MPS to PDF converter (version 2006.09.02).]
\scratchcounter=\count496
\scratchdimen=\dimen295
\scratchbox=\box94
\nofMPsegments=\count497
\nofMParguments=\count498
\everyMPshowfont=\toks36
\MPscratchCnt=\count499
\MPscratchDim=\dimen296
\MPnumerator=\count500
\makeMPintoPDFobject=\count501
\everyMPtoPDFconversion=\toks37
)
(C:/Users/Kevin_Duong/AppData/Local/Programs/MiKTeX/tex/latex/epstopdf-pkg/epst
opdf-base.sty
Package: epstopdf-base 2020-01-24 v2.11 Base part for package epstopdf
Package epstopdf-base Info: Redefining graphics rule for `.eps' on input line 4
85.

(C:/Users/Kevin_Duong/AppData/Local/Programs/MiKTeX/tex/latex/00miktex/epstopdf
-sys.cfg
File: epstopdf-sys.cfg 2021/03/18 v2.0 Configuration of epstopdf for MiKTeX
))
*geometry* driver: auto-detecting
*geometry* detected driver: luatex
*geometry* verbose mode - [ preamble ] result:
* driver: luatex
* paper: a4paper
* layout: <same size as paper>
* layoutoffset:(h,v)=(0.0pt,0.0pt)
* modes: 
* h-part:(L,W,R)=(56.9055pt, 483.69687pt, 56.9055pt)
* v-part:(T,H,B)=(56.9055pt, 731.23584pt, 56.9055pt)
* \paperwidth=597.50787pt
* \paperheight=845.04684pt
* \textwidth=483.69687pt
* \textheight=731.23584pt
* \oddsidemargin=-15.36449pt
* \evensidemargin=-15.36449pt
* \topmargin=-52.36449pt
* \headheight=12.0pt
* \headsep=25.0pt
* \topskip=11.0pt
* \footskip=30.0pt
* \marginparwidth=49.79231pt
* \marginparsep=10.0pt
* \columnsep=10.0pt
* \skip\footins=10.0pt plus 4.0pt minus 2.0pt
* \hoffset=0.0pt
* \voffset=0.0pt
* \mag=1000
* \@twocolumnfalse
* \@twosidefalse
* \@mparswitchfalse
* \@reversemarginfalse
* (1in=72.27pt=25.4mm, 1cm=28.453pt)

Package biblatex Info: Trying to load language 'english' -> 'english-apa'...
Package biblatex Info: ... file 'english-apa.lbx' found.

(C:/Users/Kevin_Duong/AppData/Local/Programs/MiKTeX/tex/latex/biblatex-apa/engl
ish-apa.lbx
File: english-apa.lbx 2023/03/20 v9.17 APA biblatex localisation
Package biblatex Info: Trying to load language 'english'...
Package biblatex Info: ... file 'english.lbx' found.

(C:/Users/Kevin_Duong/AppData/Local/Programs/MiKTeX/tex/latex/biblatex/lbx/engl
ish.lbx
File: english.lbx 2023/03/05 v3.19 biblatex localization (PK/MW)
)
Package biblatex Info: Trying to load language 'american' -> 'american-apa'...
Package biblatex Info: ... file 'american-apa.lbx' found.

(C:/Users/Kevin_Duong/AppData/Local/Programs/MiKTeX/tex/latex/biblatex-apa/amer
ican-apa.lbx
File: american-apa.lbx 2023/03/20 v9.17 APA biblatex localisation
Package biblatex Info: Trying to load language 'american'...
Package biblatex Info: ... file 'american.lbx' found.

(C:/Users/Kevin_Duong/AppData/Local/Programs/MiKTeX/tex/latex/biblatex/lbx/amer
ican.lbx
File: american.lbx 2023/03/05 v3.19 biblatex localization (PK/MW)
Package biblatex Info: Trying to load language 'english'...
Package biblatex Info: ... file 'english.lbx' found.

(C:/Users/Kevin_Duong/AppData/Local/Programs/MiKTeX/tex/latex/biblatex/lbx/engl
ish.lbx
File: english.lbx 2023/03/05 v3.19 biblatex localization (PK/MW)
))))
Package biblatex Info: LuaTeX detected.
(biblatex)             Assuming input encoding 'utf8'.
Package biblatex Info: Automatic encoding selection.
(biblatex)             Assuming data encoding 'utf8'.

\openout3 = setup.bcf
Package biblatex Info: Trying to load bibliographic data...
Package biblatex Info: ... file 'setup.bbl' found.
 (./setup.bbl)
Package biblatex Info: Reference section=0 on input line 58.
Package biblatex Info: Reference segment=0 on input line 58.

(C:/Users/Kevin_Duong/AppData/Local/Programs/MiKTeX/tex/latex/graphics/color.st
y
Package: color 2022/01/06 v1.3d Standard LaTeX Color (DPC)

(C:/Users/Kevin_Duong/AppData/Local/Programs/MiKTeX/tex/latex/graphics-cfg/colo
r.cfg
File: color.cfg 2016/01/02 v1.6 sample color configuration
)
Package color Info: Driver file: luatex.def on input line 149.

(C:/Users/Kevin_Duong/AppData/Local/Programs/MiKTeX/tex/latex/graphics/mathcolo
r.ltx))
Package hyperref Info: Link coloring ON on input line 58.
 (./setup.out) (./setup.out)
\@outlinefile=\write4

\openout4 = setup.out


Package tablefootnote Warning: LuaTeX and hyperref package used:
(tablefootnote)                Hyperreferences in rotated content
(tablefootnote)                will be misplaced
(tablefootnote)                regardless of tablefootnote package.
(tablefootnote)                The text to be printed will be OK.

(./abstract.tex) (./main.tex [1

{C:/Users/Kevin_Duong/AppData/Local/MiKTeX/fonts/map/pdftex/pdftex.map}]
LaTeX Font Info:    Trying to load font information for OMX+yhex on input line 
27.

(C:/Users/Kevin_Duong/AppData/Local/Programs/MiKTeX/tex/latex/yhmath/omxyhex.fd
File: OMXyhex.fd 
File: OMXyhex.fd 2013/07/03 v1.1 YH's humble contribution to TeX maths (NP)
)
LaTeX Font Info:    Trying to load font information for U+msa on input line 27.


(C:/Users/Kevin_Duong/AppData/Local/Programs/MiKTeX/tex/latex/amsfonts/umsa.fd
File: umsa.fd 2013/01/14 v3.01 AMS symbols A
)
LaTeX Font Info:    Trying to load font information for U+msb on input line 27.

(C:/Users/Kevin_Duong/AppData/Local/Programs/MiKTeX/tex/latex/amsfonts/umsb.fd
File: umsb.fd 2013/01/14 v3.01 AMS symbols B
) [2]
<figs/fig1.png, id=102, 830.1414pt x 272.6988pt>
File: figs/fig1.png Graphic file (type png)
<use figs/fig1.png>
Package luatex.def Info: figs/fig1.png  used on input line 33.
(luatex.def)             Requested size: 435.32422pt x 143.00256pt.
 [3<./figs/fig1.png>] (./tables/table1.tex) [4] [5] [6]
<figs/fig2.png, id=186, 516.4896pt x 168.1482pt>
File: figs/fig2.png Graphic file (type png)
<use figs/fig2.png>
Package luatex.def Info: figs/fig2.png  used on input line 130.
(luatex.def)             Requested size: 435.32422pt x 141.72842pt.


LaTeX Warning: `!h' float specifier changed to `!ht'.

<figs/fig3.png, id=188, 516.4896pt x 168.1482pt>
File: figs/fig3.png Graphic file (type png)
<use figs/fig3.png>
Package luatex.def Info: figs/fig3.png  used on input line 145.
(luatex.def)             Requested size: 435.32422pt x 141.72842pt.

LaTeX Warning: `!h' float specifier changed to `!ht'.

[7] [8<./figs/fig2.png><./figs/fig3.png>]
<figs/fig4.png, id=221, 489.1365pt x 245.061pt>
File: figs/fig4.png Graphic file (type png)
<use figs/fig4.png>
Package luatex.def Info: figs/fig4.png  used on input line 175.
(luatex.def)             Requested size: 483.69687pt x 242.33818pt.
 [9<./figs/fig4.png>]
<figs/fig5.png, id=239, 659.1024pt x 634.5306pt>
File: figs/fig5.png Graphic file (type png)
<use figs/fig5.png>
Package luatex.def Info: figs/fig5.png  used on input line 196.
(luatex.def)             Requested size: 483.69687pt x 465.66275pt.


LaTeX Warning: `!h' float specifier changed to `!ht'.

[10] [11<./figs/fig5.png>] [12] [13] [14] (./appendices/boolean.tex) [15]
(./appendices/variables.tex
Underfull \hbox (badness 1924) in paragraph at lines 49--50
[]|\TU/TimesNewRoman(0)/m/n/8 Im-por-tant that gov-ern-ment is strong and en-sur
es
 []


Underfull \hbox (badness 3199) in paragraph at lines 69--70
[]|\TU/TimesNewRoman(0)/m/n/8 House-holds to-tal net in-come, all sources (1-
10
 []

[16]) [17] (./appendices/cleaning.tex
LaTeX Font Info:    Font shape `TU/lmtt/bx/n' in size <10.95> not available
(Font)              Font shape `TU/lmtt/b/n' tried instead on input line 7.
 [18]) [19] (./appendices/multiscale.tex)
[20] [21] (./appendices/unfolding.tex) [22] (./appendices/clustering.tex)
[23] (./appendices/uniscale.tex) [24] (./appendices/dml.tex) [25]
(./appendices/kfold.tex)) [26] (./setup.aux)
 ***********
LaTeX2e <2023-11-01> patch level 1
L3 programming layer <2024-01-04>
 ***********
Package rerunfilecheck Info: File `setup.out' has not changed.
(rerunfilecheck)             Checksum: D7B5B5A19885FCF2E275D19163776E9B;3248.
Package logreq Info: Writing requests to 'setup.run.xml'.

\openout1 = setup.run.xml
)

Here is how much of LuaTeX's memory you used:
 25002 strings out of 476497
 156309,1977958 words of node,token memory allocated
 828 words of node memory still in use:
   6 hlist, 2 vlist, 2 rule, 2 glue, 4 kern, 1 glyph, 53 attribute, 82 glue_spec
, 53 attribute_list, 1 write, 1 pdf_action nodes
   avail lists: 1:2,2:1854,3:767,4:130,5:694,6:351,7:14772,8:63,9:2379,10:24,11:
1317
 46356 multiletter control sequences out of 65536+600000
 98 fonts using 24624175 bytes
 89i,16n,90p,1899b,5048s stack positions out of 10000i,1000n,20000p,200000b,200000s
<//?/c:/users/kevin_duong/appdata/local/programs/miktex/fonts/opentype/public/lm
/lmmonolt10-bold.otf><C:/WINDOWS/Fonts/timesi.ttf><//?/c:/users/kevin_duong/appd
ata/local/programs/miktex/fonts/opentype/public/lm/lmmono10-regular.otf><//?/c:/
users/kevin_duong/appdata/local/programs/miktex/fonts/opentype/public/lm/lmmono9
-regular.otf><C:/WINDOWS/Fonts/timesbd.ttf><C:/WINDOWS/Fonts/times.ttf><C:/Users
/Kevin_Duong/AppData/Local/Programs/MiKTeX/fonts/type1/public/amsfonts/cm/cmex10
.pfb><C:/Users/Kevin_Duong/AppData/Local/Programs/MiKTeX/fonts/type1/public/amsf
onts/cm/cmmi10.pfb><C:/Users/Kevin_Duong/AppData/Local/Programs/MiKTeX/fonts/typ
e1/public/amsfonts/cm/cmmi6.pfb><C:/Users/Kevin_Duong/AppData/Local/Programs/MiK
TeX/fonts/type1/public/amsfonts/cm/cmmi8.pfb><C:/Users/Kevin_Duong/AppData/Local
/Programs/MiKTeX/fonts/type1/public/amsfonts/cm/cmr10.pfb><C:/Users/Kevin_Duong/
AppData/Local/Programs/MiKTeX/fonts/type1/public/amsfonts/cm/cmr7.pfb><C:/Users/
Kevin_Duong/AppData/Local/Programs/MiKTeX/fonts/type1/public/amsfonts/cm/cmr8.pf
b><C:/Users/Kevin_Duong/AppData/Local/Programs/MiKTeX/fonts/type1/public/amsfont
s/cm/cmsy10.pfb><C:/Users/Kevin_Duong/AppData/Local/Programs/MiKTeX/fonts/type1/
public/amsfonts/cm/cmsy6.pfb><C:/Users/Kevin_Duong/AppData/Local/Programs/MiKTeX
/fonts/type1/public/amsfonts/cm/cmsy8.pfb><C:/Users/Kevin_Duong/AppData/Local/Pr
ograms/MiKTeX/fonts/type1/public/amsfonts/symbols/msbm10.pfb><C:/Users/Kevin_Duo
ng/AppData/Local/Programs/MiKTeX/fonts/type1/public/yhmath/yhcmex.pfb>
Output written on setup.pdf (26 pages, 1156805 bytes).

PDF statistics: 476 PDF objects out of 1000 (max. 8388607)
 123 named destinations out of 1000 (max. 131072)
 97 words of extra memory for PDF output out of 10000 (max. 100000000)

